2018-12-16T17:29:26+00:00 CRITICAL Uncaught Error: Call to undefined function vc_shortcode_custom_css_class() in /Applications/MAMP/htdocs/mohalla/wp-content/plugins/mrbara-vc-addons/inc/shortcodes.php:1310
Stack trace:
#0 /Applications/MAMP/htdocs/mohalla/wp-includes/shortcodes.php(319): MrBara_Shortcodes->icon_box_1(Array, 'Creative &amp; ...', 'mrbara_icon_box...')
#1 [internal function]: do_shortcode_tag(Array)
#2 /Applications/MAMP/htdocs/mohalla/wp-includes/shortcodes.php(197): preg_replace_callback('/\\[(\\[?)(mrbara...', 'do_shortcode_ta...', '<p>[vc_row full...')
#3 /Applications/MAMP/htdocs/mohalla/wp-includes/class-wp-hook.php(286): do_shortcode('<p>[vc_row full...')
#4 /Applications/MAMP/htdocs/mohalla/wp-includes/plugin.php(203): WP_Hook->apply_filters('<p>[vc_row full...', Array)
#5 /Applications/MAMP/htdocs/mohalla/wp-includes/post-template.php(240): apply_filters('the_content', '[vc_row full_wi...')
#6 /Applications/MAMP/htdocs/mohalla/wp-content/themes/mrbara/template-homepage.php(15): the_content()
#7 /Applications/MAMP/htdoc in /Applications/MAMP/htdocs/mohalla/wp-content/plugins/mrbara-vc-addons/inc/shortcodes.php on line 1310

2018-12-16T17:58:37+00:00 CRITICAL Uncaught Error: Call to undefined function vc_shortcode_custom_css_class() in /Applications/MAMP/htdocs/mohalla/wp-content/plugins/mrbara-vc-addons/inc/shortcodes.php:1310
Stack trace:
#0 /Applications/MAMP/htdocs/mohalla/wp-includes/shortcodes.php(319): MrBara_Shortcodes->icon_box_1(Array, 'Creative &amp; ...', 'mrbara_icon_box...')
#1 [internal function]: do_shortcode_tag(Array)
#2 /Applications/MAMP/htdocs/mohalla/wp-includes/shortcodes.php(197): preg_replace_callback('/\\[(\\[?)(mrbara...', 'do_shortcode_ta...', '<p>[vc_row full...')
#3 /Applications/MAMP/htdocs/mohalla/wp-includes/class-wp-hook.php(286): do_shortcode('<p>[vc_row full...')
#4 /Applications/MAMP/htdocs/mohalla/wp-includes/plugin.php(203): WP_Hook->apply_filters('<p>[vc_row full...', Array)
#5 /Applications/MAMP/htdocs/mohalla/wp-includes/post-template.php(240): apply_filters('the_content', '[vc_row full_wi...')
#6 /Applications/MAMP/htdocs/mohalla/wp-content/themes/mrbara/template-homepage.php(15): the_content()
#7 /Applications/MAMP/htdoc in /Applications/MAMP/htdocs/mohalla/wp-content/plugins/mrbara-vc-addons/inc/shortcodes.php on line 1310

2018-12-16T17:58:52+00:00 CRITICAL Uncaught Error: Call to undefined function vc_shortcode_custom_css_class() in /Applications/MAMP/htdocs/mohalla/wp-content/plugins/mrbara-vc-addons/inc/shortcodes.php:1310
Stack trace:
#0 /Applications/MAMP/htdocs/mohalla/wp-includes/shortcodes.php(319): MrBara_Shortcodes->icon_box_1(Array, 'Creative &amp; ...', 'mrbara_icon_box...')
#1 [internal function]: do_shortcode_tag(Array)
#2 /Applications/MAMP/htdocs/mohalla/wp-includes/shortcodes.php(197): preg_replace_callback('/\\[(\\[?)(mrbara...', 'do_shortcode_ta...', '<p>[vc_row full...')
#3 /Applications/MAMP/htdocs/mohalla/wp-includes/class-wp-hook.php(286): do_shortcode('<p>[vc_row full...')
#4 /Applications/MAMP/htdocs/mohalla/wp-includes/plugin.php(203): WP_Hook->apply_filters('<p>[vc_row full...', Array)
#5 /Applications/MAMP/htdocs/mohalla/wp-includes/post-template.php(240): apply_filters('the_content', '[vc_row full_wi...')
#6 /Applications/MAMP/htdocs/mohalla/wp-content/themes/mrbara/template-homepage.php(15): the_content()
#7 /Applications/MAMP/htdoc in /Applications/MAMP/htdocs/mohalla/wp-content/plugins/mrbara-vc-addons/inc/shortcodes.php on line 1310

